<?xml version="1.0" encoding="UTF-8"?>
<testsuite xmlns:xsi="http://www.w3.org/2001/XMLSchema-instance" xsi:noNamespaceSchemaLocation="https://maven.apache.org/surefire/maven-surefire-plugin/xsd/surefire-test-report-3.0.xsd" version="3.0" name="hu.progtech.amoba.HighScoreRepositoryTest" time="0.381" tests="2" errors="2" skipped="0" failures="0">
  <properties>
[...]
</properties>
  <testcase name="testGetHighScores" classname="hu.progtech.amoba.HighScoreRepositoryTest" time="0.368">
    <error message="[SQLITE_ERROR] SQL error or missing database (no such table: scores)" type="org.sqlite.SQLiteException"><![CDATA[org.sqlite.SQLiteException: [SQLITE_ERROR] SQL error or missing database (no such table: scores)
	at org.sqlite.core.DB.newSQLException(DB.java:1179)
	at org.sqlite.core.DB.newSQLException(DB.java:1190)
	at org.sqlite.core.DB.throwex(DB.java:1150)
	at org.sqlite.core.NativeDB.prepare_utf8(Native Method)
	at org.sqlite.core.NativeDB.prepare(NativeDB.java:126)
	at org.sqlite.core.DB.prepare(DB.java:264)
	at org.sqlite.core.CorePreparedStatement.<init>(CorePreparedStatement.java:46)
	at org.sqlite.jdbc3.JDBC3PreparedStatement.<init>(JDBC3PreparedStatement.java:31)
	at org.sqlite.jdbc4.JDBC4PreparedStatement.<init>(JDBC4PreparedStatement.java:25)
	at org.sqlite.jdbc4.JDBC4Connection.prepareStatement(JDBC4Connection.java:34)
	at org.sqlite.jdbc3.JDBC3Connection.prepareStatement(JDBC3Connection.java:226)
	at org.sqlite.jdbc3.JDBC3Connection.prepareStatement(JDBC3Connection.java:206)
	at hu.progtech.amoba.HighScoreRepository.recordWin(HighScoreRepository.java:22)
	at hu.progtech.amoba.HighScoreRepositoryTest.testGetHighScores(HighScoreRepositoryTest.java:21)
	at java.base/java.lang.reflect.Method.invoke(Method.java:580)
	at java.base/java.util.ArrayList.forEach(ArrayList.java:1596)
	at java.base/java.util.ArrayList.forEach(ArrayList.java:1596)
]]></error>
  </testcase>
  <testcase name="testRecordWin" classname="hu.progtech.amoba.HighScoreRepositoryTest" time="0.002">
    <error message="[SQLITE_ERROR] SQL error or missing database (no such table: scores)" type="org.sqlite.SQLiteException"><![CDATA[org.sqlite.SQLiteException: [SQLITE_ERROR] SQL error or missing database (no such table: scores)
	at org.sqlite.core.DB.newSQLException(DB.java:1179)
	at org.sqlite.core.DB.newSQLException(DB.java:1190)
	at org.sqlite.core.DB.throwex(DB.java:1150)
	at org.sqlite.core.NativeDB.prepare_utf8(Native Method)
	at org.sqlite.core.NativeDB.prepare(NativeDB.java:126)
	at org.sqlite.core.DB.prepare(DB.java:264)
	at org.sqlite.core.CorePreparedStatement.<init>(CorePreparedStatement.java:46)
	at org.sqlite.jdbc3.JDBC3PreparedStatement.<init>(JDBC3PreparedStatement.java:31)
	at org.sqlite.jdbc4.JDBC4PreparedStatement.<init>(JDBC4PreparedStatement.java:25)
	at org.sqlite.jdbc4.JDBC4Connection.prepareStatement(JDBC4Connection.java:34)
	at org.sqlite.jdbc3.JDBC3Connection.prepareStatement(JDBC3Connection.java:226)
	at org.sqlite.jdbc3.JDBC3Connection.prepareStatement(JDBC3Connection.java:206)
	at hu.progtech.amoba.HighScoreRepository.recordWin(HighScoreRepository.java:22)
	at hu.progtech.amoba.HighScoreRepositoryTest.testRecordWin(HighScoreRepositoryTest.java:11)
	at java.base/java.lang.reflect.Method.invoke(Method.java:580)
	at java.base/java.util.ArrayList.forEach(ArrayList.java:1596)
	at java.base/java.util.ArrayList.forEach(ArrayList.java:1596)
]]></error>
  </testcase>
</testsuite>